make all --print-data-base --no-builtin-variables --no-builtin-rules --question
# GNU Make 3.81
# Copyright (C) 2006  Free Software Foundation, Inc.
# This is free software; see the source for copying conditions.
# There is NO warranty; not even for MERCHANTABILITY or FITNESS FOR A
# PARTICULAR PURPOSE.

# This program built for i386-apple-darwin11.3.0

# Make data base, printed on Wed May 11 02:08:14 2022

# Variables

# automatic
<D = $(patsubst %/,%,$(dir $<))
# automatic
?F = $(notdir $?)
# environment
LC_CTYPE = en_US.UTF-8
# environment
VSCODE_LOG_NATIVE = false
# automatic
?D = $(patsubst %/,%,$(dir $?))
# automatic
@D = $(patsubst %/,%,$(dir $@))
# automatic
@F = $(notdir $@)
# makefile
CURDIR := /devel/go-runcommand
# makefile
SHELL = /bin/sh
# environment
VSCODE_NLS_CONFIG = {"locale":"en-gb","availableLanguages":{},"_languagePackSupport":true}
# environment
_ = /usr/bin/make
# environment
STARSHIP_SESSION_KEY = 2363525736198572
# environment
OMF_PATH = /Users/lillycham/.local/share/omf
# environment
VSCODE_AMD_ENTRYPOINT = vs/workbench/api/node/extensionHostProcess
# environment
VSCODE_VERBOSE_LOGGING = true
# environment
__CFBundleIdentifier = com.microsoft.VSCode
# environment
VSCODE_IPC_HOOK_EXTHOST = /var/folders/qp/stc_lqx975127t5f22jmz5jc0000gn/T/vscode-ipc-78dbe269-2ff5-4023-a5c9-3b5fd742f64c.sock
# environment
VSCODE_CWD = /
# environment
GOPROXY = https://goproxy.dev,direct
# environment
PATH = /nix/store/66y6c4dfvylvax2w559123s5bvxb0bsf-go-1.17.9/share/go/bin:/run/current-system/sw/bin:/Applications/Wine Devel.app/Contents/Resources/wine/bin:/Users/lillycham/bin/flutter/bin:/Library/Java/JavaVirtualMachines/graalvm-ce-java17-22.2.0-dev/Contents/Home/bin:/Users/lillycham/.nix-profile/bin:/nix/var/nix/profiles/default/bin:/Users/lillycham/.cabal/bin:/Users/lillycham/Library/Python/3.9/bin:/usr/local/bin:/usr/bin:/bin:/usr/sbin:/sbin:/opt/local/bin:/opt/X11/bin:/Library/Apple/usr/bin:/Library/TeX/texbin:/Users/lillycham/.ghcup/bin:/usr/local/plan9/bin:/opt/homebrew/bin:/Users/lillycham/Go/bin:/usr/local/share/dotnet:~/.dotnet/tools:/usr/local/zfs/bin
# makefile (from `Makefile', line 1)
MAKEFILE_LIST :=  Makefile
# environment
GOPATH = /Users/lillycham/go
# environment
VSCODE_LOG_STACK = false
# environment
ELECTRON_RUN_AS_NODE = 1
# default
.FEATURES := target-specific order-only second-expansion else-if archives jobserver check-symlink
# environment
SSH_AUTH_SOCK = /private/tmp/com.apple.launchd.Q6ZNm9p1Ke/Listeners
# automatic
%F = $(notdir $%)
# environment
DISPLAY = /private/tmp/com.apple.launchd.W4Bt68eHNx/org.xquartz:0
# environment
NIX_SSL_CERT_FILE = /nix/var/nix/profiles/default/etc/ssl/certs/ca-bundle.crt
# environment
VSCODE_PIPE_LOGGING = true
# environment
PWD = /devel/go-runcommand
# environment
ORIGINAL_XDG_CURRENT_DESKTOP = undefined
# environment
GOMODCACHE = /Users/lillycham/go/pkg/mod
# environment
HOME = /Users/lillycham
# default
MAKEFILEPATH := /Applications/Xcode.app/Contents/Developer/Makefiles
# environment
VSCODE_CODE_CACHE_PATH = /Users/lillycham/Library/Application Support/Code/CachedData/57fd6d0195bb9b9d1b49f6da5db789060795de47
# environment
LOGNAME = lillycham
# environment
APPLICATION_INSIGHTS_NO_DIAGNOSTIC_CHANNEL = true
# environment
VSCODE_HANDLES_UNCAUGHT_ERRORS = true
# automatic
^D = $(patsubst %/,%,$(dir $^))
# environment
XPC_FLAGS = 0x0
# default
MAKE = $(MAKE_COMMAND)
# default
MAKECMDGOALS := all
# environment
SHLVL = 2
# environment
NIX_PATH = /nix:/Users/lillycham/.nix-defexpr/channels
# default
MAKE_VERSION := 3.81
# environment
USER = lillycham
# makefile
.DEFAULT_GOAL := 
# environment
OMF_CONFIG = /Users/lillycham/.config/omf
# environment
GOROOT = /nix/store/66y6c4dfvylvax2w559123s5bvxb0bsf-go-1.17.9/share/go
# environment
DBUS_LAUNCHD_SESSION_BUS_SOCKET = /private/tmp/com.apple.launchd.StDIE3FoDD/unix_domain_listener
# automatic
%D = $(patsubst %/,%,$(dir $%))
# default
MAKE_COMMAND := /Applications/Xcode.app/Contents/Developer/usr/bin/make
# default
.VARIABLES := 
# environment
TMPDIR = /var/folders/qp/stc_lqx975127t5f22jmz5jc0000gn/T/
# automatic
*F = $(notdir $*)
# environment
__HM_SESS_VARS_SOURCED = 1
# environment
VSCODE_IPC_HOOK = /Users/lillycham/Library/Application Support/Code/1.67.0-main.sock
# makefile
MAKEFLAGS = Rrqp
# environment
MFLAGS = -Rrqp
# automatic
*D = $(patsubst %/,%,$(dir $*))
# environment
XPC_SERVICE_NAME = application.com.microsoft.VSCode.81286125.81286131
# automatic
+D = $(patsubst %/,%,$(dir $+))
# automatic
+F = $(notdir $+)
# environment
__CF_USER_TEXT_ENCODING = 0x1F5:0x0:0x2
# environment
COMMAND_MODE = unix2003
# default
MAKEFILES := 
# automatic
<F = $(notdir $<)
# environment
LC_ALL = C
# automatic
^F = $(notdir $^)
# default
SUFFIXES := 
# default
.INCLUDE_DIRS = /usr/local/include
# environment
MAKELEVEL := 0
# environment
LANG = C
# environment
VSCODE_PID = 63681
# environment
STARSHIP_SHELL = fish
# variable set hash-table stats:
# Load=76/1024=7%, Rehash=0, Collisions=5/99=5%

# Pattern-specific Variable Values

# No pattern-specific variable values.

# Directories

# . (device 16777237, inode 735282): 16 files, no impossibilities.

# 16 files, no impossibilities in 1 directories.

# Implicit Rules

# No implicit rules.

# Files

 
make: *** No rule to make target `all'.  Stop.

# Not a target:
all:
#  Command-line target.
#  Implicit rule search has been done.
#  File does not exist.
#  File has not been updated.
# variable set hash-table stats:
# Load=0/32=0%, Rehash=0, Collisions=0/0=0%

# Not a target:
.SUFFIXES:
#  Implicit rule search has not been done.
#  Modification time never checked.
#  File has not been updated.

# Not a target:
Makefile:
#  Implicit rule search has been done.
#  Last modified 2022-05-11 02:08:05
#  File has been updated.
#  Successfully updated.
# variable set hash-table stats:
# Load=0/32=0%, Rehash=0, Collisions=0/0=0%

# Not a target:
.DEFAULT:
#  Implicit rule search has not been done.
#  Modification time never checked.
#  File has not been updated.

# files hash-table stats:
# Load=4/1024=0%, Rehash=0, Collisions=0/16=0%
# VPATH Search Paths

# No `vpath' search paths.

# No general (`VPATH' variable) search path.

# # of strings in strcache: 1
# # of strcache buffers: 1
# strcache size: total = 4096 / max = 4096 / min = 4096 / avg = 4096
# strcache free: total = 4087 / max = 4087 / min = 4087 / avg = 4087

# Finished Make data base on Wed May 11 02:08:14 2022

 
